  [1m[36m (0.9ms)[0m  [1mCREATE TABLE "schema_migrations" ("version" varchar(255) NOT NULL) [0m
  [1m[35m (0.8ms)[0m  CREATE UNIQUE INDEX "unique_schema_migrations" ON "schema_migrations" ("version")
  [1m[36mActiveRecord::SchemaMigration Load (0.1ms)[0m  [1mSELECT "schema_migrations".* FROM "schema_migrations"[0m
Migrating to CreatePosts (20140222051905)
  [1m[35m (0.0ms)[0m  begin transaction
  [1m[36m (0.3ms)[0m  [1mCREATE TABLE "posts" ("id" INTEGER PRIMARY KEY AUTOINCREMENT NOT NULL, "title" varchar(255), "text" text, "user" varchar(255), "created_at" datetime, "updated_at" datetime) [0m
  [1m[35mSQL (0.1ms)[0m  INSERT INTO "schema_migrations" ("version") VALUES (?)  [["version", "20140222051905"]]
  [1m[36m (0.7ms)[0m  [1mcommit transaction[0m
Migrating to CreateComments (20140223213407)
  [1m[35m (0.0ms)[0m  begin transaction
  [1m[36m (0.2ms)[0m  [1mCREATE TABLE "comments" ("id" INTEGER PRIMARY KEY AUTOINCREMENT NOT NULL, "commenter" varchar(255), "body" text, "post_id" integer, "user_id" integer, "created_at" datetime, "updated_at" datetime) [0m
  [1m[35m (0.1ms)[0m  CREATE INDEX "index_comments_on_post_id" ON "comments" ("post_id")
  [1m[36m (0.1ms)[0m  [1mCREATE INDEX "index_comments_on_user_id" ON "comments" ("user_id")[0m
  [1m[35mSQL (0.1ms)[0m  INSERT INTO "schema_migrations" ("version") VALUES (?)  [["version", "20140223213407"]]
  [1m[36m (0.6ms)[0m  [1mcommit transaction[0m
Migrating to AddUserToPost (20140224134709)
  [1m[35m (0.1ms)[0m  begin transaction
  [1m[36mSQL (0.2ms)[0m  [1mINSERT INTO "schema_migrations" ("version") VALUES (?)[0m  [["version", "20140224134709"]]
  [1m[35m (0.6ms)[0m  commit transaction
Migrating to AddUsertoComment (20140224134757)
  [1m[36m (0.1ms)[0m  [1mbegin transaction[0m
  [1m[35mSQL (0.2ms)[0m  INSERT INTO "schema_migrations" ("version") VALUES (?)  [["version", "20140224134757"]]
  [1m[36m (0.6ms)[0m  [1mcommit transaction[0m
Migrating to RemoveCommenterfromComment (20140224134815)
  [1m[35m (0.0ms)[0m  begin transaction
  [1m[36mSQL (0.2ms)[0m  [1mINSERT INTO "schema_migrations" ("version") VALUES (?)[0m  [["version", "20140224134815"]]
  [1m[35m (0.7ms)[0m  commit transaction
Migrating to RemoveUserfromPost (20140224135456)
  [1m[36m (0.0ms)[0m  [1mbegin transaction[0m
  [1m[35mSQL (0.2ms)[0m  INSERT INTO "schema_migrations" ("version") VALUES (?)  [["version", "20140224135456"]]
  [1m[36m (0.7ms)[0m  [1mcommit transaction[0m
Migrating to AddUserReftoPost (20140224135601)
  [1m[35m (0.0ms)[0m  begin transaction
  [1m[36mSQL (0.2ms)[0m  [1mINSERT INTO "schema_migrations" ("version") VALUES (?)[0m  [["version", "20140224135601"]]
  [1m[35m (0.6ms)[0m  commit transaction
Migrating to AddUsertoPost (20140224140027)
  [1m[36m (0.1ms)[0m  [1mbegin transaction[0m
  [1m[35m (0.3ms)[0m  ALTER TABLE "posts" ADD "user_id" integer
  [1m[36m (0.1ms)[0m  [1mCREATE INDEX "index_posts_on_user_id" ON "posts" ("user_id")[0m
  [1m[35mSQL (0.1ms)[0m  INSERT INTO "schema_migrations" ("version") VALUES (?)  [["version", "20140224140027"]]
  [1m[36m (0.7ms)[0m  [1mcommit transaction[0m
Migrating to RemoveTableUsers (20140226222358)
  [1m[35m (0.1ms)[0m  begin transaction
  [1m[36mSQL (0.2ms)[0m  [1mINSERT INTO "schema_migrations" ("version") VALUES (?)[0m  [["version", "20140226222358"]]
  [1m[35m (0.7ms)[0m  commit transaction
Migrating to RemoveCommenterColumn (20140311004116)
  [1m[36m (0.0ms)[0m  [1mbegin transaction[0m
  [1m[35m (0.8ms)[0m  CREATE TEMPORARY TABLE "acomments" ("id" INTEGER PRIMARY KEY AUTOINCREMENT NOT NULL, "commenter" varchar(255), "body" text, "post_id" integer, "user_id" integer, "created_at" datetime, "updated_at" datetime) 
  [1m[36m (0.1ms)[0m  [1mCREATE INDEX "tindex_acomments_on_user_id" ON "acomments" ("user_id")[0m
  [1m[35m (0.1ms)[0m  CREATE INDEX "tindex_acomments_on_post_id" ON "acomments" ("post_id")
  [1m[36m (0.1ms)[0m  [1mSELECT * FROM "comments"[0m
  [1m[35m (0.7ms)[0m  DROP TABLE "comments"
  [1m[36m (0.1ms)[0m  [1mCREATE TABLE "comments" ("id" INTEGER PRIMARY KEY AUTOINCREMENT NOT NULL, "body" text, "post_id" integer, "user_id" integer, "created_at" datetime, "updated_at" datetime) [0m
  [1m[35m (0.1ms)[0m  CREATE INDEX "index_comments_on_post_id" ON "comments" ("post_id")
  [1m[36m (0.1ms)[0m  [1mCREATE INDEX "index_comments_on_user_id" ON "comments" ("user_id")[0m
  [1m[35m (0.0ms)[0m  SELECT * FROM "acomments"
  [1m[36m (0.3ms)[0m  [1mDROP TABLE "acomments"[0m
  [1m[35mSQL (0.1ms)[0m  INSERT INTO "schema_migrations" ("version") VALUES (?)  [["version", "20140311004116"]]
  [1m[36m (0.9ms)[0m  [1mcommit transaction[0m
Migrating to CreateTableUsers (20140419205529)
  [1m[35m (0.0ms)[0m  begin transaction
  [1m[36m (0.3ms)[0m  [1mCREATE TABLE "users" ("id" INTEGER PRIMARY KEY AUTOINCREMENT NOT NULL, "login" varchar(255), "hashed_password" varchar(255), "email" varchar(255), "salt" varchar(255), "created_at" datetime, "privacy" varchar(255)) [0m
  [1m[35mSQL (0.1ms)[0m  INSERT INTO "schema_migrations" ("version") VALUES (?)  [["version", "20140419205529"]]
  [1m[36m (0.6ms)[0m  [1mcommit transaction[0m
Migrating to RemoveTableStreams (20150307195511)
  [1m[35m (0.1ms)[0m  begin transaction
  [1m[36m (0.4ms)[0m  [1mDROP TABLE "streams"[0m
SQLite3::SQLException: no such table: streams: DROP TABLE "streams"
  [1m[35m (0.1ms)[0m  rollback transaction
  [1m[36mActiveRecord::SchemaMigration Load (0.1ms)[0m  [1mSELECT "schema_migrations".* FROM "schema_migrations"[0m
Migrating to CreateTableStreams (20150307195747)
  [1m[35m (0.0ms)[0m  begin transaction
  [1m[36m (0.4ms)[0m  [1mCREATE TABLE "streams" ("id" INTEGER PRIMARY KEY AUTOINCREMENT NOT NULL, "source" varchar(255), "streamuri" varchar(255), "created_at" datetime, "updated_at" datetime) [0m
  [1m[35mSQL (0.1ms)[0m  INSERT INTO "schema_migrations" ("version") VALUES (?)  [["version", "20150307195747"]]
  [1m[36m (8.8ms)[0m  [1mcommit transaction[0m
Migrating to AddLiveStatusToStreams (20151021042412)
  [1m[35m (0.1ms)[0m  begin transaction
  [1m[36m (0.3ms)[0m  [1mALTER TABLE "streams" ADD "isLive" boolean[0m
  [1m[35mSQL (0.1ms)[0m  INSERT INTO "schema_migrations" ("version") VALUES (?)  [["version", "20151021042412"]]
  [1m[36m (0.7ms)[0m  [1mcommit transaction[0m
  [1m[35mActiveRecord::SchemaMigration Load (0.1ms)[0m  SELECT "schema_migrations".* FROM "schema_migrations"
  [1m[36mStream Load (2.8ms)[0m  [1mSELECT "streams".* FROM "streams"[0m
  [1m[36m (1.8ms)[0m  [1mDROP TABLE "users"[0m
  [1m[35m (9.5ms)[0m  DROP TABLE "streams"
  [1m[36mActiveRecord::SchemaMigration Load (0.2ms)[0m  [1mSELECT "schema_migrations".* FROM "schema_migrations"[0m
Migrating to AddStreamApiTextToScrapeToggleOnlinetoStreams (20151022020336)
  [1m[35m (0.1ms)[0m  begin transaction
  [1m[36m (0.2ms)[0m  [1mALTER TABLE "streams" ADD "toggle_live" boolean[0m
SQLite3::SQLException: no such table: streams: ALTER TABLE "streams" ADD "toggle_live" boolean
  [1m[35m (0.1ms)[0m  rollback transaction
  [1m[36mActiveRecord::SchemaMigration Load (0.1ms)[0m  [1mSELECT "schema_migrations".* FROM "schema_migrations"[0m
Migrating to AddStreamApiTextToScrapeToggleOnlinetoStreams (20151022020336)
  [1m[35m (0.0ms)[0m  begin transaction
  [1m[36m (0.2ms)[0m  [1mALTER TABLE "streams" ADD "toggle_live" boolean[0m
SQLite3::SQLException: no such table: streams: ALTER TABLE "streams" ADD "toggle_live" boolean
  [1m[35m (0.0ms)[0m  rollback transaction
  [1m[36mActiveRecord::SchemaMigration Load (0.1ms)[0m  [1mSELECT "schema_migrations".* FROM "schema_migrations"[0m
Migrating to AddStreamApiTextToScrapeToggleOnlinetoStreams (20151022020336)
  [1m[35m (0.0ms)[0m  begin transaction
  [1m[36m (0.2ms)[0m  [1mALTER TABLE "streams" ADD "toggle_live" boolean[0m
SQLite3::SQLException: no such table: streams: ALTER TABLE "streams" ADD "toggle_live" boolean
  [1m[35m (0.0ms)[0m  rollback transaction
  [1m[36mStream Load (0.4ms)[0m  [1mSELECT "streams".* FROM "streams"[0m
SQLite3::SQLException: no such table: streams: SELECT "streams".* FROM "streams"
  [1m[36m (1.2ms)[0m  [1mCREATE TABLE "comments" ("id" INTEGER PRIMARY KEY AUTOINCREMENT NOT NULL, "body" text, "post_id" integer, "user_id" integer, "created_at" datetime, "updated_at" datetime) [0m
  [1m[35m (0.9ms)[0m  CREATE INDEX "index_comments_on_post_id" ON "comments" ("post_id")
  [1m[36m (0.9ms)[0m  [1mCREATE INDEX "index_comments_on_user_id" ON "comments" ("user_id")[0m
  [1m[35m (0.8ms)[0m  CREATE TABLE "posts" ("id" INTEGER PRIMARY KEY AUTOINCREMENT NOT NULL, "title" varchar(255), "text" text, "user" varchar(255), "created_at" datetime, "updated_at" datetime, "user_id" integer) 
  [1m[36m (0.8ms)[0m  [1mCREATE INDEX "index_posts_on_user_id" ON "posts" ("user_id")[0m
  [1m[35m (0.9ms)[0m  CREATE TABLE "streams" ("id" INTEGER PRIMARY KEY AUTOINCREMENT NOT NULL, "source" varchar(255), "streamuri" varchar(255), "created_at" datetime, "updated_at" datetime, "isLive" boolean) 
  [1m[36m (0.8ms)[0m  [1mCREATE TABLE "users" ("id" INTEGER PRIMARY KEY AUTOINCREMENT NOT NULL, "login" varchar(255), "hashed_password" varchar(255), "email" varchar(255), "salt" varchar(255), "created_at" datetime, "privacy" varchar(255)) [0m
  [1m[35m (0.7ms)[0m  CREATE TABLE "schema_migrations" ("version" varchar(255) NOT NULL) 
  [1m[36m (0.9ms)[0m  [1mCREATE UNIQUE INDEX "unique_schema_migrations" ON "schema_migrations" ("version")[0m
  [1m[35m (0.1ms)[0m  SELECT version FROM "schema_migrations"
  [1m[36m (0.7ms)[0m  [1mINSERT INTO "schema_migrations" (version) VALUES ('20151021042412')[0m
  [1m[35m (0.7ms)[0m  INSERT INTO "schema_migrations" (version) VALUES ('20140222051905')
  [1m[36m (0.8ms)[0m  [1mINSERT INTO "schema_migrations" (version) VALUES ('20140223213407')[0m
  [1m[35m (0.6ms)[0m  INSERT INTO "schema_migrations" (version) VALUES ('20140224134709')
  [1m[36m (0.7ms)[0m  [1mINSERT INTO "schema_migrations" (version) VALUES ('20140224134757')[0m
  [1m[35m (0.7ms)[0m  INSERT INTO "schema_migrations" (version) VALUES ('20140224134815')
  [1m[36m (0.7ms)[0m  [1mINSERT INTO "schema_migrations" (version) VALUES ('20140224135456')[0m
  [1m[35m (0.7ms)[0m  INSERT INTO "schema_migrations" (version) VALUES ('20140224135601')
  [1m[36m (0.8ms)[0m  [1mINSERT INTO "schema_migrations" (version) VALUES ('20140224140027')[0m
  [1m[35m (0.7ms)[0m  INSERT INTO "schema_migrations" (version) VALUES ('20140311004116')
  [1m[36m (0.7ms)[0m  [1mINSERT INTO "schema_migrations" (version) VALUES ('20140419205529')[0m
  [1m[35m (0.7ms)[0m  INSERT INTO "schema_migrations" (version) VALUES ('20150307195747')
  [1m[36mActiveRecord::SchemaMigration Load (0.1ms)[0m  [1mSELECT "schema_migrations".* FROM "schema_migrations"[0m
  [1m[36mActiveRecord::SchemaMigration Load (0.1ms)[0m  [1mSELECT "schema_migrations".* FROM "schema_migrations"[0m
Migrating to AddStreamApiTextToScrapeToggleOnlinetoStreams (20151022020336)
  [1m[35m (0.0ms)[0m  begin transaction
  [1m[36m (7.9ms)[0m  [1mALTER TABLE "streams" ADD "toggle_live" boolean[0m
  [1m[35m (0.2ms)[0m  ALTER TABLE "streams" ADD "stream_api_url" varchar(255)
  [1m[36m (0.1ms)[0m  [1mALTER TABLE "streams" ADD "text_to_scrap" varchar(255)[0m
  [1m[35mSQL (0.2ms)[0m  INSERT INTO "schema_migrations" ("version") VALUES (?)  [["version", "20151022020336"]]
  [1m[36m (0.8ms)[0m  [1mcommit transaction[0m
  [1m[35mActiveRecord::SchemaMigration Load (0.1ms)[0m  SELECT "schema_migrations".* FROM "schema_migrations"
  [1m[36m (9.1ms)[0m  [1mCREATE TABLE "comments" ("id" INTEGER PRIMARY KEY AUTOINCREMENT NOT NULL, "body" text, "post_id" integer, "user_id" integer, "created_at" datetime, "updated_at" datetime) [0m
  [1m[35m (0.9ms)[0m  CREATE INDEX "index_comments_on_post_id" ON "comments" ("post_id")
  [1m[36m (0.9ms)[0m  [1mCREATE INDEX "index_comments_on_user_id" ON "comments" ("user_id")[0m
  [1m[35m (0.9ms)[0m  CREATE TABLE "posts" ("id" INTEGER PRIMARY KEY AUTOINCREMENT NOT NULL, "title" varchar(255), "text" text, "user" varchar(255), "created_at" datetime, "updated_at" datetime, "user_id" integer) 
  [1m[36m (1.0ms)[0m  [1mCREATE INDEX "index_posts_on_user_id" ON "posts" ("user_id")[0m
  [1m[35m (0.9ms)[0m  CREATE TABLE "streams" ("id" INTEGER PRIMARY KEY AUTOINCREMENT NOT NULL, "source" varchar(255), "streamuri" varchar(255), "created_at" datetime, "updated_at" datetime, "isLive" boolean, "toggle_live" boolean, "stream_api_url" varchar(255), "text_to_scrap" varchar(255)) 
  [1m[36m (0.9ms)[0m  [1mCREATE TABLE "users" ("id" INTEGER PRIMARY KEY AUTOINCREMENT NOT NULL, "login" varchar(255), "hashed_password" varchar(255), "email" varchar(255), "salt" varchar(255), "created_at" datetime, "privacy" varchar(255)) [0m
  [1m[35m (1.0ms)[0m  CREATE TABLE "schema_migrations" ("version" varchar(255) NOT NULL) 
  [1m[36m (0.9ms)[0m  [1mCREATE UNIQUE INDEX "unique_schema_migrations" ON "schema_migrations" ("version")[0m
  [1m[35m (0.2ms)[0m  SELECT version FROM "schema_migrations"
  [1m[36m (0.8ms)[0m  [1mINSERT INTO "schema_migrations" (version) VALUES ('20151022020336')[0m
  [1m[35m (0.8ms)[0m  INSERT INTO "schema_migrations" (version) VALUES ('20140222051905')
  [1m[36m (0.8ms)[0m  [1mINSERT INTO "schema_migrations" (version) VALUES ('20140223213407')[0m
  [1m[35m (0.9ms)[0m  INSERT INTO "schema_migrations" (version) VALUES ('20140224134709')
  [1m[36m (0.9ms)[0m  [1mINSERT INTO "schema_migrations" (version) VALUES ('20140224134757')[0m
  [1m[35m (0.8ms)[0m  INSERT INTO "schema_migrations" (version) VALUES ('20140224134815')
  [1m[36m (0.9ms)[0m  [1mINSERT INTO "schema_migrations" (version) VALUES ('20140224135456')[0m
  [1m[35m (1.3ms)[0m  INSERT INTO "schema_migrations" (version) VALUES ('20140224135601')
  [1m[36m (0.8ms)[0m  [1mINSERT INTO "schema_migrations" (version) VALUES ('20140224140027')[0m
  [1m[35m (0.7ms)[0m  INSERT INTO "schema_migrations" (version) VALUES ('20140311004116')
  [1m[36m (0.7ms)[0m  [1mINSERT INTO "schema_migrations" (version) VALUES ('20140419205529')[0m
  [1m[35m (0.7ms)[0m  INSERT INTO "schema_migrations" (version) VALUES ('20150307195747')
  [1m[36mActiveRecord::SchemaMigration Load (0.1ms)[0m  [1mSELECT "schema_migrations".* FROM "schema_migrations"[0m
  [1m[35mActiveRecord::SchemaMigration Load (0.1ms)[0m  SELECT "schema_migrations".* FROM "schema_migrations"
  [1m[36mActiveRecord::SchemaMigration Load (0.1ms)[0m  [1mSELECT "schema_migrations".* FROM "schema_migrations"[0m
  [1m[36mActiveRecord::SchemaMigration Load (0.1ms)[0m  [1mSELECT "schema_migrations".* FROM "schema_migrations"[0m
  [1m[35mActiveRecord::SchemaMigration Load (0.1ms)[0m  SELECT "schema_migrations".* FROM "schema_migrations"
