# Logfile created on 2015-11-01 21:57:52 -0500 by logger.rb/44203
I, [2015-11-01T21:57:52.571403 #3492]  INFO -- : 0:  rake (10.4.2) from /Users/SchAmToo/.rvm/gems/ruby-2.1.0/specifications/rake-10.4.2.gemspec
I, [2015-11-01T21:57:52.571757 #3492]  INFO -- : 0:  i18n (0.7.0) from /Users/SchAmToo/.rvm/gems/ruby-2.1.0/specifications/i18n-0.7.0.gemspec
I, [2015-11-01T21:57:52.572039 #3492]  INFO -- : 0:  minitest (4.7.5) from /Users/SchAmToo/.rvm/rubies/ruby-2.1.0/lib/ruby/gems/2.1.0/specifications/default/minitest-4.7.5.gemspec
I, [2015-11-01T21:57:52.572319 #3492]  INFO -- : 0:  multi_json (1.11.0) from /Users/SchAmToo/.rvm/gems/ruby-2.1.0/specifications/multi_json-1.11.0.gemspec
I, [2015-11-01T21:57:52.572585 #3492]  INFO -- : 0:  thread_safe (0.3.4) from /Users/SchAmToo/.rvm/gems/ruby-2.1.0/specifications/thread_safe-0.3.4.gemspec
I, [2015-11-01T21:57:52.572872 #3492]  INFO -- : 0:  tzinfo (0.3.43) from /Users/SchAmToo/.rvm/gems/ruby-2.1.0/specifications/tzinfo-0.3.43.gemspec
I, [2015-11-01T21:57:52.573169 #3492]  INFO -- : 0:  activesupport (4.0.3) from /Users/SchAmToo/.rvm/gems/ruby-2.1.0/specifications/activesupport-4.0.3.gemspec
I, [2015-11-01T21:57:52.573432 #3492]  INFO -- : 0:  builder (3.1.4) from /Users/SchAmToo/.rvm/gems/ruby-2.1.0/specifications/builder-3.1.4.gemspec
I, [2015-11-01T21:57:52.573712 #3492]  INFO -- : 0:  erubis (2.7.0) from /Users/SchAmToo/.rvm/gems/ruby-2.1.0/specifications/erubis-2.7.0.gemspec
I, [2015-11-01T21:57:52.574074 #3492]  INFO -- : 0:  rack (1.5.2) from /Users/SchAmToo/.rvm/gems/ruby-2.1.0/specifications/rack-1.5.2.gemspec
I, [2015-11-01T21:57:52.574461 #3492]  INFO -- : 0:  rack-test (0.6.3) from /Users/SchAmToo/.rvm/gems/ruby-2.1.0/specifications/rack-test-0.6.3.gemspec
I, [2015-11-01T21:57:52.574721 #3492]  INFO -- : 0:  actionpack (4.0.3) from /Users/SchAmToo/.rvm/gems/ruby-2.1.0/specifications/actionpack-4.0.3.gemspec
I, [2015-11-01T21:57:52.574987 #3492]  INFO -- : 0:  mime-types (1.25.1) from /Users/SchAmToo/.rvm/gems/ruby-2.1.0/specifications/mime-types-1.25.1.gemspec
I, [2015-11-01T21:57:52.575262 #3492]  INFO -- : 0:  polyglot (0.3.5) from /Users/SchAmToo/.rvm/gems/ruby-2.1.0/specifications/polyglot-0.3.5.gemspec
I, [2015-11-01T21:57:52.575531 #3492]  INFO -- : 0:  treetop (1.4.15) from /Users/SchAmToo/.rvm/gems/ruby-2.1.0/specifications/treetop-1.4.15.gemspec
I, [2015-11-01T21:57:52.575796 #3492]  INFO -- : 0:  mail (2.5.4) from /Users/SchAmToo/.rvm/gems/ruby-2.1.0/specifications/mail-2.5.4.gemspec
I, [2015-11-01T21:57:52.576051 #3492]  INFO -- : 0:  actionmailer (4.0.3) from /Users/SchAmToo/.rvm/gems/ruby-2.1.0/specifications/actionmailer-4.0.3.gemspec
I, [2015-11-01T21:57:52.576405 #3492]  INFO -- : 0:  activemodel (4.0.3) from /Users/SchAmToo/.rvm/gems/ruby-2.1.0/specifications/activemodel-4.0.3.gemspec
I, [2015-11-01T21:57:52.576684 #3492]  INFO -- : 0:  activerecord-deprecated_finders (1.0.3) from /Users/SchAmToo/.rvm/gems/ruby-2.1.0/specifications/activerecord-deprecated_finders-1.0.3.gemspec
I, [2015-11-01T21:57:52.576959 #3492]  INFO -- : 0:  arel (4.0.2) from /Users/SchAmToo/.rvm/gems/ruby-2.1.0/specifications/arel-4.0.2.gemspec
I, [2015-11-01T21:57:52.577219 #3492]  INFO -- : 0:  activerecord (4.0.3) from /Users/SchAmToo/.rvm/gems/ruby-2.1.0/specifications/activerecord-4.0.3.gemspec
I, [2015-11-01T21:57:52.577488 #3492]  INFO -- : 0:  request_store (1.1.0) from /Users/SchAmToo/.rvm/gems/ruby-2.1.0/specifications/request_store-1.1.0.gemspec
I, [2015-11-01T21:57:52.577750 #3492]  INFO -- : 0:  ffi (1.9.6) from /Users/SchAmToo/.rvm/gems/ruby-2.1.0/specifications/ffi-1.9.6.gemspec
I, [2015-11-01T21:57:52.578020 #3492]  INFO -- : 0:  ffi-compiler (0.1.3) from /Users/SchAmToo/.rvm/gems/ruby-2.1.0/specifications/ffi-compiler-0.1.3.gemspec
I, [2015-11-01T21:57:52.578305 #3492]  INFO -- : 0:  scrypt (1.2.1) from /Users/SchAmToo/.rvm/gems/ruby-2.1.0/specifications/scrypt-1.2.1.gemspec
I, [2015-11-01T21:57:52.578554 #3492]  INFO -- : 0:  authlogic (3.4.5) from /Users/SchAmToo/.rvm/gems/ruby-2.1.0/specifications/authlogic-3.4.5.gemspec
I, [2015-11-01T21:57:52.578826 #3492]  INFO -- : 0:  execjs (2.4.0) from /Users/SchAmToo/.rvm/gems/ruby-2.1.0/specifications/execjs-2.4.0.gemspec
I, [2015-11-01T21:57:52.579120 #3492]  INFO -- : 0:  json (1.8.2) from /Users/SchAmToo/.rvm/gems/ruby-2.1.0@global/specifications/json-1.8.2.gemspec
I, [2015-11-01T21:57:52.579379 #3492]  INFO -- : 0:  autoprefixer-rails (6.0.2) from /Users/SchAmToo/.rvm/gems/ruby-2.1.0/specifications/autoprefixer-rails-6.0.2.gemspec
I, [2015-11-01T21:57:52.579634 #3492]  INFO -- : 0:  sass (3.2.19) from /Users/SchAmToo/.rvm/gems/ruby-2.1.0/specifications/sass-3.2.19.gemspec
I, [2015-11-01T21:57:52.579885 #3492]  INFO -- : 0:  bootstrap-sass (3.2.0.2) from /Users/SchAmToo/.rvm/gems/ruby-2.1.0/specifications/bootstrap-sass-3.2.0.2.gemspec
I, [2015-11-01T21:57:52.580322 #3492]  INFO -- : 0:  cancan (1.6.10) from /Users/SchAmToo/.rvm/gems/ruby-2.1.0/specifications/cancan-1.6.10.gemspec
I, [2015-11-01T21:57:52.581546 #3492]  INFO -- : 0:  coffee-script-source (1.9.1) from /Users/SchAmToo/.rvm/gems/ruby-2.1.0/specifications/coffee-script-source-1.9.1.gemspec
I, [2015-11-01T21:57:52.582354 #3492]  INFO -- : 0:  coffee-script (2.3.0) from /Users/SchAmToo/.rvm/gems/ruby-2.1.0/specifications/coffee-script-2.3.0.gemspec
I, [2015-11-01T21:57:52.582702 #3492]  INFO -- : 0:  thor (0.19.1) from /Users/SchAmToo/.rvm/gems/ruby-2.1.0/specifications/thor-0.19.1.gemspec
I, [2015-11-01T21:57:52.583054 #3492]  INFO -- : 0:  railties (4.0.3) from /Users/SchAmToo/.rvm/gems/ruby-2.1.0/specifications/railties-4.0.3.gemspec
I, [2015-11-01T21:57:52.583859 #3492]  INFO -- : 0:  coffee-rails (4.0.1) from /Users/SchAmToo/.rvm/gems/ruby-2.1.0/specifications/coffee-rails-4.0.1.gemspec
I, [2015-11-01T21:57:52.584291 #3492]  INFO -- : 0:  daemons (1.1.9) from /Users/SchAmToo/.rvm/gems/ruby-2.1.0/specifications/daemons-1.1.9.gemspec
I, [2015-11-01T21:57:52.584696 #3492]  INFO -- : 0:  eventmachine (1.0.7) from /Users/SchAmToo/.rvm/gems/ruby-2.1.0/specifications/eventmachine-1.0.7.gemspec
I, [2015-11-01T21:57:52.584938 #3492]  INFO -- : 0:  hike (1.2.3) from /Users/SchAmToo/.rvm/gems/ruby-2.1.0/specifications/hike-1.2.3.gemspec
I, [2015-11-01T21:57:52.585146 #3492]  INFO -- : 0:  jbuilder (1.5.3) from /Users/SchAmToo/.rvm/gems/ruby-2.1.0/specifications/jbuilder-1.5.3.gemspec
I, [2015-11-01T21:57:52.585364 #3492]  INFO -- : 0:  jquery-rails (3.1.2) from /Users/SchAmToo/.rvm/gems/ruby-2.1.0/specifications/jquery-rails-3.1.2.gemspec
I, [2015-11-01T21:57:52.585583 #3492]  INFO -- : 0:  mini_portile (0.6.2) from /Users/SchAmToo/.rvm/gems/ruby-2.1.0/specifications/mini_portile-0.6.2.gemspec
I, [2015-11-01T21:57:52.585777 #3492]  INFO -- : 0:  nested_form (0.3.2) from /Users/SchAmToo/.rvm/gems/ruby-2.1.0/specifications/nested_form-0.3.2.gemspec
I, [2015-11-01T21:57:52.586192 #3492]  INFO -- : 0:  nokogiri (1.6.6.2) from /Users/SchAmToo/.rvm/gems/ruby-2.1.0/specifications/nokogiri-1.6.6.2.gemspec
I, [2015-11-01T21:57:52.586474 #3492]  INFO -- : 0:  bundler (1.5.1) from /Users/SchAmToo/.rvm/gems/ruby-2.1.0@global/specifications/bundler-1.5.1.gemspec
I, [2015-11-01T21:57:52.586729 #3492]  INFO -- : 0:  tilt (1.4.1) from /Users/SchAmToo/.rvm/gems/ruby-2.1.0/specifications/tilt-1.4.1.gemspec
I, [2015-11-01T21:57:52.587044 #3492]  INFO -- : 0:  sprockets (2.12.3) from /Users/SchAmToo/.rvm/gems/ruby-2.1.0/specifications/sprockets-2.12.3.gemspec
I, [2015-11-01T21:57:52.592449 #3492]  INFO -- : 0:  sprockets-rails (2.0.1) from /Users/SchAmToo/.rvm/gems/ruby-2.1.0/specifications/sprockets-rails-2.0.1.gemspec
I, [2015-11-01T21:57:52.597173 #3492]  INFO -- : 0:  rails (4.0.3) from /Users/SchAmToo/.rvm/gems/ruby-2.1.0/specifications/rails-4.0.3.gemspec
I, [2015-11-01T21:57:52.597929 #3492]  INFO -- : 0:  rdoc (4.2.0) from /Users/SchAmToo/.rvm/gems/ruby-2.1.0/specifications/rdoc-4.2.0.gemspec
I, [2015-11-01T21:57:52.598224 #3492]  INFO -- : 0:  sass-rails (4.0.5) from /Users/SchAmToo/.rvm/gems/ruby-2.1.0/specifications/sass-rails-4.0.5.gemspec
I, [2015-11-01T21:57:52.598488 #3492]  INFO -- : 0:  sdoc (0.4.1) from /Users/SchAmToo/.rvm/gems/ruby-2.1.0/specifications/sdoc-0.4.1.gemspec
I, [2015-11-01T21:57:52.598831 #3492]  INFO -- : 0:  sqlite3 (1.3.10) from /Users/SchAmToo/.rvm/gems/ruby-2.1.0/specifications/sqlite3-1.3.10.gemspec
I, [2015-11-01T21:57:52.599159 #3492]  INFO -- : 0:  thin (1.6.3) from /Users/SchAmToo/.rvm/gems/ruby-2.1.0/specifications/thin-1.6.3.gemspec
I, [2015-11-01T21:57:52.599433 #3492]  INFO -- : 0:  turbolinks (2.5.3) from /Users/SchAmToo/.rvm/gems/ruby-2.1.0/specifications/turbolinks-2.5.3.gemspec
I, [2015-11-01T21:57:52.599679 #3492]  INFO -- : 0:  uglifier (2.7.1) from /Users/SchAmToo/.rvm/gems/ruby-2.1.0/specifications/uglifier-2.7.1.gemspec
